2020-10-05 01:25:23,200 INFO  [org.jboss.modules] (main) JBoss Modules version 1.9.1.Final
2020-10-05 01:25:23,677 INFO  [org.jboss.msc] (main) JBoss MSC version 1.4.11.Final
2020-10-05 01:25:23,684 INFO  [org.jboss.threads] (main) JBoss Threads version 2.3.3.Final
2020-10-05 01:25:23,751 INFO  [org.jboss.as] (MSC service thread 1-2) WFLYSRV0049: WildFly Full 18.0.0.Final (WildFly Core 10.0.0.Final) starting
2020-10-05 01:25:23,752 DEBUG [org.jboss.as.config] (MSC service thread 1-2) Configured system properties:
	awt.toolkit = sun.awt.windows.WToolkit
	file.encoding = Cp1251
	file.encoding.pkg = sun.io
	file.separator = \
	java.awt.graphicsenv = sun.awt.Win32GraphicsEnvironment
	java.awt.printerjob = sun.awt.windows.WPrinterJob
	java.class.path = C:\Users\User\Desktop\PIA Labs\lab 2.1\wildfly-18.0.0.Final\jboss-modules.jar
	java.class.version = 52.0
	java.endorsed.dirs = C:\Program Files\Java\jre1.8.0_261\lib\endorsed
	java.ext.dirs = C:\Program Files\Java\jre1.8.0_261\lib\ext;C:\Windows\Sun\Java\lib\ext
	java.home = C:\Program Files\Java\jre1.8.0_261
	java.io.tmpdir = C:\Users\User\AppData\Local\Temp\
	java.library.path = C:\Program Files (x86)\Common Files\Oracle\Java\javapath;C:\Windows\Sun\Java\bin;C:\Windows\system32;C:\Windows;C:\Program Files (x86)\Common Files\Intel\Shared Libraries\redist\intel64\compiler;C:\Program Files (x86)\Common Files\Oracle\Java\javapath;C:\Windows\system32;C:\Windows;C:\Windows\System32\Wbem;C:\Windows\System32\WindowsPowerShell\v1.0\;C:\Windows\System32\OpenSSH\;C:\Program Files (x86)\NVIDIA Corporation\PhysX\Common;C:\Program Files\NVIDIA Corporation\NVIDIA NvDLISR;C:\Program Files (x86)\HP\IdrsOCR_15.2.10.1114\;C:\Program Files\PuTTY\;C:\Program Files\nodejs\;C:\Users\User\AppData\Local\Programs\Python\Python38\Scripts\;C:\Users\User\AppData\Local\Programs\Python\Python38\;C:\Users\User\AppData\Local\Microsoft\WindowsApps;C:\Users\User\AppData\Local\GitHubDesktop\bin;C:\Program Files\JetBrains\PyCharm 2020.2.1\bin;;C:\Program Files\JetBrains\PhpStorm 2020.2.1\bin;;C:\Users\User\AppData\Roaming\npm;.
	java.net.preferIPv4Stack = true
	java.runtime.name = Java(TM) SE Runtime Environment
	java.runtime.version = 1.8.0_261-b12
	java.specification.name = Java Platform API Specification
	java.specification.vendor = Oracle Corporation
	java.specification.version = 1.8
	java.util.logging.manager = org.jboss.logmanager.LogManager
	java.vendor = Oracle Corporation
	java.vendor.url = http://java.oracle.com/
	java.vendor.url.bug = http://bugreport.sun.com/bugreport/
	java.version = 1.8.0_261
	java.vm.info = mixed mode
	java.vm.name = Java HotSpot(TM) 64-Bit Server VM
	java.vm.specification.name = Java Virtual Machine Specification
	java.vm.specification.vendor = Oracle Corporation
	java.vm.specification.version = 1.8
	java.vm.vendor = Oracle Corporation
	java.vm.version = 25.261-b12
	javax.management.builder.initial = org.jboss.as.jmx.PluggableMBeanServerBuilder
	jboss.home.dir = C:\Users\User\Desktop\PIA Labs\lab 2.1\wildfly-18.0.0.Final
	jboss.host.name = seememes-pc
	jboss.modules.dir = C:\Users\User\Desktop\PIA Labs\lab 2.1\wildfly-18.0.0.Final\modules
	jboss.modules.system.pkgs = org.jboss.byteman
	jboss.node.name = seememes-pc
	jboss.qualified.host.name = seememes-pc
	jboss.server.base.dir = C:\Users\User\Desktop\PIA Labs\lab 2.1\wildfly-18.0.0.Final\standalone
	jboss.server.config.dir = C:\Users\User\Desktop\PIA Labs\lab 2.1\wildfly-18.0.0.Final\standalone\configuration
	jboss.server.data.dir = C:\Users\User\Desktop\PIA Labs\lab 2.1\wildfly-18.0.0.Final\standalone\data
	jboss.server.deploy.dir = C:\Users\User\Desktop\PIA Labs\lab 2.1\wildfly-18.0.0.Final\standalone\data\content
	jboss.server.log.dir = C:\Users\User\Desktop\PIA Labs\lab 2.1\wildfly-18.0.0.Final\standalone\log
	jboss.server.name = seememes-pc
	jboss.server.persist.config = true
	jboss.server.temp.dir = C:\Users\User\Desktop\PIA Labs\lab 2.1\wildfly-18.0.0.Final\standalone\tmp
	line.separator = 

	logging.configuration = file:C:\Users\User\Desktop\PIA Labs\lab 2.1\wildfly-18.0.0.Final\standalone\configuration/logging.properties
	module.path = C:\Users\User\Desktop\PIA Labs\lab 2.1\wildfly-18.0.0.Final\modules
	org.jboss.boot.log.file = C:\Users\User\Desktop\PIA Labs\lab 2.1\wildfly-18.0.0.Final\standalone\log/server.log
	org.jboss.resolver.warning = true
	os.arch = amd64
	os.name = Windows 10
	os.version = 10.0
	path.separator = ;
	sun.arch.data.model = 64
	sun.boot.class.path = C:\Program Files\Java\jre1.8.0_261\lib\resources.jar;C:\Program Files\Java\jre1.8.0_261\lib\rt.jar;C:\Program Files\Java\jre1.8.0_261\lib\sunrsasign.jar;C:\Program Files\Java\jre1.8.0_261\lib\jsse.jar;C:\Program Files\Java\jre1.8.0_261\lib\jce.jar;C:\Program Files\Java\jre1.8.0_261\lib\charsets.jar;C:\Program Files\Java\jre1.8.0_261\lib\jfr.jar;C:\Program Files\Java\jre1.8.0_261\classes
	sun.boot.library.path = C:\Program Files\Java\jre1.8.0_261\bin
	sun.cpu.endian = little
	sun.cpu.isalist = amd64
	sun.desktop = windows
	sun.io.unicode.encoding = UnicodeLittle
	sun.java.command = C:\Users\User\Desktop\PIA Labs\lab 2.1\wildfly-18.0.0.Final\jboss-modules.jar -mp C:\Users\User\Desktop\PIA Labs\lab 2.1\wildfly-18.0.0.Final\modules org.jboss.as.standalone
	sun.java.launcher = SUN_STANDARD
	sun.jnu.encoding = Cp1251
	sun.management.compiler = HotSpot 64-Bit Tiered Compilers
	sun.os.patch.level = 
	sun.stderr.encoding = cp866
	sun.stdout.encoding = cp866
	user.country = RU
	user.dir = C:\Users\User\Desktop\PIA Labs\lab 2.1\wildfly-18.0.0.Final
	user.home = C:\Users\User
	user.language = ru
	user.name = User
	user.script = 
	user.timezone = Europe/Moscow
	user.variant = 
2020-10-05 01:25:23,752 DEBUG [org.jboss.as.config] (MSC service thread 1-2) VM Arguments: -Xms64M -Xmx512M -XX:MetaspaceSize=96M -XX:MaxMetaspaceSize=256m -Djava.net.preferIPv4Stack=true -Djboss.modules.system.pkgs=org.jboss.byteman -Dorg.jboss.boot.log.file=C:\Users\User\Desktop\PIA Labs\lab 2.1\wildfly-18.0.0.Final\standalone\log/server.log -Dlogging.configuration=file:C:\Users\User\Desktop\PIA Labs\lab 2.1\wildfly-18.0.0.Final\standalone\configuration/logging.properties -Djboss.home.dir=C:\Users\User\Desktop\PIA Labs\lab 2.1\wildfly-18.0.0.Final -Djboss.server.base.dir=C:\Users\User\Desktop\PIA Labs\lab 2.1\wildfly-18.0.0.Final\standalone -Djboss.server.config.dir=C:\Users\User\Desktop\PIA Labs\lab 2.1\wildfly-18.0.0.Final\standalone\configuration 
2020-10-05 01:25:24,143 INFO  [org.wildfly.security] (ServerService Thread Pool -- 28) ELY00001: WildFly Elytron version 1.10.3.Final
2020-10-05 01:25:24,463 INFO  [org.jboss.as.controller.management-deprecated] (Controller Boot Thread) WFLYCTL0028: Attribute 'security-realm' in the resource at address '/core-service=management/management-interface=http-interface' is deprecated, and may be removed in a future version. See the attribute description in the output of the read-resource-description operation to learn more about the deprecation.
2020-10-05 01:25:24,474 INFO  [org.jboss.as.controller.management-deprecated] (ServerService Thread Pool -- 23) WFLYCTL0028: Attribute 'security-realm' in the resource at address '/subsystem=undertow/server=default-server/https-listener=https' is deprecated, and may be removed in a future version. See the attribute description in the output of the read-resource-description operation to learn more about the deprecation.
2020-10-05 01:25:24,507 INFO  [org.jboss.as.server] (Controller Boot Thread) WFLYSRV0039: Creating http management service using socket-binding (management-http)
2020-10-05 01:25:24,529 INFO  [org.xnio] (MSC service thread 1-3) XNIO version 3.7.3.Final
2020-10-05 01:25:24,533 INFO  [org.xnio.nio] (MSC service thread 1-3) XNIO NIO Implementation Version 3.7.3.Final
2020-10-05 01:25:24,540 WARN  [org.jboss.as.txn] (ServerService Thread Pool -- 72) WFLYTX0013: The node-identifier attribute on the /subsystem=transactions is set to the default value. This is a danger for environments running multiple servers. Please make sure the attribute value is unique.
2020-10-05 01:25:24,542 INFO  [org.jboss.as.clustering.infinispan] (ServerService Thread Pool -- 51) WFLYCLINF0001: Activating Infinispan subsystem.
2020-10-05 01:25:24,542 INFO  [org.wildfly.extension.microprofile.opentracing] (ServerService Thread Pool -- 63) WFLYTRACEXT0001: Activating MicroProfile OpenTracing Subsystem
2020-10-05 01:25:24,544 INFO  [org.wildfly.extension.microprofile.config.smallrye._private] (ServerService Thread Pool -- 60) WFLYCONF0001: Activating WildFly MicroProfile Config Subsystem
2020-10-05 01:25:24,545 INFO  [org.jboss.as.naming] (ServerService Thread Pool -- 64) WFLYNAM0001: Activating Naming Subsystem
2020-10-05 01:25:24,546 INFO  [org.jboss.as.jaxrs] (ServerService Thread Pool -- 53) WFLYRS0016: RESTEasy version 3.9.0.Final
2020-10-05 01:25:24,546 INFO  [org.wildfly.extension.microprofile.health.smallrye] (ServerService Thread Pool -- 61) WFLYHEALTH0001: Activating Eclipse MicroProfile Health Subsystem
2020-10-05 01:25:24,548 INFO  [org.jboss.as.webservices] (ServerService Thread Pool -- 74) WFLYWS0002: Activating WebServices Extension
2020-10-05 01:25:24,551 INFO  [org.wildfly.extension.microprofile.metrics.smallrye] (ServerService Thread Pool -- 62) WFLYMETRICS0001: Activating Eclipse MicroProfile Metrics Subsystem
2020-10-05 01:25:24,551 INFO  [org.jboss.as.jsf] (ServerService Thread Pool -- 58) WFLYJSF0007: Activated the following JSF Implementations: [main]
2020-10-05 01:25:24,557 INFO  [org.jboss.as.connector] (MSC service thread 1-5) WFLYJCA0009: Starting JCA Subsystem (WildFly/IronJacamar 1.4.17.Final)
2020-10-05 01:25:24,569 INFO  [org.jboss.as.security] (ServerService Thread Pool -- 70) WFLYSEC0002: Activating Security Subsystem
2020-10-05 01:25:24,574 INFO  [org.wildfly.extension.undertow] (MSC service thread 1-5) WFLYUT0003: Undertow 2.0.26.Final starting
2020-10-05 01:25:24,579 INFO  [org.jboss.as.security] (MSC service thread 1-5) WFLYSEC0001: Current PicketBox version=5.0.3.Final
2020-10-05 01:25:24,663 INFO  [org.jboss.as.connector.subsystems.datasources] (ServerService Thread Pool -- 43) WFLYJCA0004: Deploying JDBC-compliant driver class org.h2.Driver (version 1.4)
2020-10-05 01:25:24,666 INFO  [org.jboss.as.connector.deployers.jdbc] (MSC service thread 1-5) WFLYJCA0018: Started Driver service with driver-name = h2
2020-10-05 01:25:24,666 INFO  [org.wildfly.extension.undertow] (ServerService Thread Pool -- 73) WFLYUT0014: Creating file handler for path 'C:\Users\User\Desktop\PIA Labs\lab 2.1\wildfly-18.0.0.Final/welcome-content' with options [directory-listing: 'false', follow-symlink: 'false', case-sensitive: 'true', safe-symlink-paths: '[]']
2020-10-05 01:25:24,711 INFO  [org.jboss.as.naming] (MSC service thread 1-5) WFLYNAM0003: Starting Naming Service
2020-10-05 01:25:24,711 INFO  [org.jboss.as.mail.extension] (MSC service thread 1-2) WFLYMAIL0001: Bound mail session [java:jboss/mail/Default]
2020-10-05 01:25:24,791 INFO  [org.wildfly.extension.io] (ServerService Thread Pool -- 52) WFLYIO001: Worker 'default' has auto-configured to 32 core threads with 256 task threads based on your 16 available processors
2020-10-05 01:25:24,793 INFO  [org.jboss.as.ejb3] (MSC service thread 1-2) WFLYEJB0482: Strict pool mdb-strict-max-pool is using a max instance size of 64 (per class), which is derived from the number of CPUs on this host.
2020-10-05 01:25:24,793 INFO  [org.jboss.as.ejb3] (MSC service thread 1-4) WFLYEJB0481: Strict pool slsb-strict-max-pool is using a max instance size of 256 (per class), which is derived from thread worker pool sizing.
2020-10-05 01:25:24,795 INFO  [org.jboss.as.ejb3] (MSC service thread 1-7) WFLYEJB0493: EJB subsystem suspension complete
2020-10-05 01:25:24,806 INFO  [org.jboss.remoting] (MSC service thread 1-4) JBoss Remoting version 5.0.15.Final
2020-10-05 01:25:24,810 INFO  [org.wildfly.extension.undertow] (MSC service thread 1-1) WFLYUT0012: Started server default-server.
2020-10-05 01:25:24,811 INFO  [org.wildfly.extension.undertow] (MSC service thread 1-1) WFLYUT0018: Host default-host starting
2020-10-05 01:25:24,828 INFO  [org.jboss.as.patching] (MSC service thread 1-3) WFLYPAT0050: WildFly Full cumulative patch ID is: base, one-off patches include: none
2020-10-05 01:25:24,828 INFO  [org.jboss.as.connector.subsystems.datasources] (MSC service thread 1-7) WFLYJCA0001: Bound data source [java:jboss/datasources/ExampleDS]
2020-10-05 01:25:24,836 WARN  [org.jboss.as.domain.management.security] (MSC service thread 1-2) WFLYDM0111: Keystore C:\Users\User\Desktop\PIA Labs\lab 2.1\wildfly-18.0.0.Final\standalone\configuration\application.keystore not found, it will be auto generated on first use with a self signed certificate for host localhost
2020-10-05 01:25:24,840 INFO  [org.jboss.as.server.deployment.scanner] (MSC service thread 1-4) WFLYDS0013: Started FileSystemDeploymentService for directory C:\Users\User\Desktop\PIA Labs\lab 2.1\wildfly-18.0.0.Final\standalone\deployments
2020-10-05 01:25:24,840 ERROR [org.jboss.msc.service.fail] (MSC service thread 1-8) MSC000001: Failed to start service org.wildfly.undertow.listener.default: org.jboss.msc.service.StartException in service org.wildfly.undertow.listener.default: Address already in use: bind /127.0.0.1:8080
	at org.wildfly.extension.undertow.ListenerService.start(ListenerService.java:209)
	at org.jboss.msc.service.ServiceControllerImpl$StartTask.startService(ServiceControllerImpl.java:1739)
	at org.jboss.msc.service.ServiceControllerImpl$StartTask.execute(ServiceControllerImpl.java:1701)
	at org.jboss.msc.service.ServiceControllerImpl$ControllerTask.run(ServiceControllerImpl.java:1559)
	at org.jboss.threads.ContextClassLoaderSavingRunnable.run(ContextClassLoaderSavingRunnable.java:35)
	at org.jboss.threads.EnhancedQueueExecutor.safeRun(EnhancedQueueExecutor.java:1982)
	at org.jboss.threads.EnhancedQueueExecutor$ThreadBody.doRunTask(EnhancedQueueExecutor.java:1486)
	at org.jboss.threads.EnhancedQueueExecutor$ThreadBody.run(EnhancedQueueExecutor.java:1377)
	at java.lang.Thread.run(Unknown Source)

2020-10-05 01:25:25,144 INFO  [org.wildfly.extension.undertow] (MSC service thread 1-1) WFLYUT0006: Undertow HTTPS listener https listening on 127.0.0.1:8443
2020-10-05 01:25:25,175 ERROR [org.jboss.as.controller.management-operation] (Controller Boot Thread) WFLYCTL0013: Operation ("add") failed - address: ([
    ("subsystem" => "undertow"),
    ("server" => "default-server"),
    ("http-listener" => "default")
]) - failure description: {"WFLYCTL0080: Failed services" => {"org.wildfly.undertow.listener.default" => "Address already in use: bind /127.0.0.1:8080"}}
2020-10-05 01:25:25,180 INFO  [org.jboss.as.controller] (Controller Boot Thread) WFLYCTL0183: Service status report
WFLYCTL0186:   Services which failed to start:      service org.wildfly.undertow.listener.default: Address already in use: bind /127.0.0.1:8080
WFLYCTL0448: 1 additional services are down due to their dependencies being missing or failed
2020-10-05 01:25:25,203 INFO  [org.jboss.as.server] (Controller Boot Thread) WFLYSRV0212: Resuming server
2020-10-05 01:25:25,204 INFO  [org.jboss.as] (Controller Boot Thread) WFLYSRV0060: Http management interface listening on http://127.0.0.1:9990/management
2020-10-05 01:25:25,205 INFO  [org.jboss.as] (Controller Boot Thread) WFLYSRV0051: Admin console listening on http://127.0.0.1:9990
2020-10-05 01:25:25,206 ERROR [org.jboss.as] (Controller Boot Thread) WFLYSRV0026: WildFly Full 18.0.0.Final (WildFly Core 10.0.0.Final) started (with errors) in 2322ms - Started 308 of 575 services (2 services failed or missing dependencies, 369 services are lazy, passive or on-demand)
2020-10-05 01:26:09,190 INFO  [org.jboss.modules] (main) JBoss Modules version 1.9.1.Final
2020-10-05 01:26:09,383 INFO  [org.jboss.msc] (main) JBoss MSC version 1.4.11.Final
2020-10-05 01:26:09,389 INFO  [org.jboss.threads] (main) JBoss Threads version 2.3.3.Final
2020-10-05 01:26:09,448 INFO  [org.jboss.as] (MSC service thread 1-2) WFLYSRV0049: WildFly Full 18.0.0.Final (WildFly Core 10.0.0.Final) starting
2020-10-05 01:26:09,449 DEBUG [org.jboss.as.config] (MSC service thread 1-2) Configured system properties:
	awt.toolkit = sun.awt.windows.WToolkit
	file.encoding = Cp1251
	file.encoding.pkg = sun.io
	file.separator = \
	java.awt.graphicsenv = sun.awt.Win32GraphicsEnvironment
	java.awt.printerjob = sun.awt.windows.WPrinterJob
	java.class.path = C:\Users\User\Desktop\PIA Labs\lab 2.1\wildfly-18.0.0.Final\jboss-modules.jar
	java.class.version = 52.0
	java.endorsed.dirs = C:\Program Files\Java\jre1.8.0_261\lib\endorsed
	java.ext.dirs = C:\Program Files\Java\jre1.8.0_261\lib\ext;C:\Windows\Sun\Java\lib\ext
	java.home = C:\Program Files\Java\jre1.8.0_261
	java.io.tmpdir = C:\Users\User\AppData\Local\Temp\
	java.library.path = C:\Program Files (x86)\Common Files\Oracle\Java\javapath;C:\Windows\Sun\Java\bin;C:\Windows\system32;C:\Windows;C:\Program Files (x86)\Common Files\Intel\Shared Libraries\redist\intel64\compiler;C:\Program Files (x86)\Common Files\Oracle\Java\javapath;C:\Windows\system32;C:\Windows;C:\Windows\System32\Wbem;C:\Windows\System32\WindowsPowerShell\v1.0\;C:\Windows\System32\OpenSSH\;C:\Program Files (x86)\NVIDIA Corporation\PhysX\Common;C:\Program Files\NVIDIA Corporation\NVIDIA NvDLISR;C:\Program Files (x86)\HP\IdrsOCR_15.2.10.1114\;C:\Program Files\PuTTY\;C:\Program Files\nodejs\;C:\Users\User\AppData\Local\Programs\Python\Python38\Scripts\;C:\Users\User\AppData\Local\Programs\Python\Python38\;C:\Users\User\AppData\Local\Microsoft\WindowsApps;C:\Users\User\AppData\Local\GitHubDesktop\bin;C:\Program Files\JetBrains\PyCharm 2020.2.1\bin;;C:\Program Files\JetBrains\PhpStorm 2020.2.1\bin;;C:\Users\User\AppData\Roaming\npm;.
	java.net.preferIPv4Stack = true
	java.runtime.name = Java(TM) SE Runtime Environment
	java.runtime.version = 1.8.0_261-b12
	java.specification.name = Java Platform API Specification
	java.specification.vendor = Oracle Corporation
	java.specification.version = 1.8
	java.util.logging.manager = org.jboss.logmanager.LogManager
	java.vendor = Oracle Corporation
	java.vendor.url = http://java.oracle.com/
	java.vendor.url.bug = http://bugreport.sun.com/bugreport/
	java.version = 1.8.0_261
	java.vm.info = mixed mode
	java.vm.name = Java HotSpot(TM) 64-Bit Server VM
	java.vm.specification.name = Java Virtual Machine Specification
	java.vm.specification.vendor = Oracle Corporation
	java.vm.specification.version = 1.8
	java.vm.vendor = Oracle Corporation
	java.vm.version = 25.261-b12
	javax.management.builder.initial = org.jboss.as.jmx.PluggableMBeanServerBuilder
	jboss.home.dir = C:\Users\User\Desktop\PIA Labs\lab 2.1\wildfly-18.0.0.Final
	jboss.host.name = seememes-pc
	jboss.modules.dir = C:\Users\User\Desktop\PIA Labs\lab 2.1\wildfly-18.0.0.Final\modules
	jboss.modules.system.pkgs = org.jboss.byteman
	jboss.node.name = seememes-pc
	jboss.qualified.host.name = seememes-pc
	jboss.server.base.dir = C:\Users\User\Desktop\PIA Labs\lab 2.1\wildfly-18.0.0.Final\standalone
	jboss.server.config.dir = C:\Users\User\Desktop\PIA Labs\lab 2.1\wildfly-18.0.0.Final\standalone\configuration
	jboss.server.data.dir = C:\Users\User\Desktop\PIA Labs\lab 2.1\wildfly-18.0.0.Final\standalone\data
	jboss.server.deploy.dir = C:\Users\User\Desktop\PIA Labs\lab 2.1\wildfly-18.0.0.Final\standalone\data\content
	jboss.server.log.dir = C:\Users\User\Desktop\PIA Labs\lab 2.1\wildfly-18.0.0.Final\standalone\log
	jboss.server.name = seememes-pc
	jboss.server.persist.config = true
	jboss.server.temp.dir = C:\Users\User\Desktop\PIA Labs\lab 2.1\wildfly-18.0.0.Final\standalone\tmp
	line.separator = 

	logging.configuration = file:C:\Users\User\Desktop\PIA Labs\lab 2.1\wildfly-18.0.0.Final\standalone\configuration/logging.properties
	module.path = C:\Users\User\Desktop\PIA Labs\lab 2.1\wildfly-18.0.0.Final\modules
	org.jboss.boot.log.file = C:\Users\User\Desktop\PIA Labs\lab 2.1\wildfly-18.0.0.Final\standalone\log/server.log
	org.jboss.resolver.warning = true
	os.arch = amd64
	os.name = Windows 10
	os.version = 10.0
	path.separator = ;
	sun.arch.data.model = 64
	sun.boot.class.path = C:\Program Files\Java\jre1.8.0_261\lib\resources.jar;C:\Program Files\Java\jre1.8.0_261\lib\rt.jar;C:\Program Files\Java\jre1.8.0_261\lib\sunrsasign.jar;C:\Program Files\Java\jre1.8.0_261\lib\jsse.jar;C:\Program Files\Java\jre1.8.0_261\lib\jce.jar;C:\Program Files\Java\jre1.8.0_261\lib\charsets.jar;C:\Program Files\Java\jre1.8.0_261\lib\jfr.jar;C:\Program Files\Java\jre1.8.0_261\classes
	sun.boot.library.path = C:\Program Files\Java\jre1.8.0_261\bin
	sun.cpu.endian = little
	sun.cpu.isalist = amd64
	sun.desktop = windows
	sun.io.unicode.encoding = UnicodeLittle
	sun.java.command = C:\Users\User\Desktop\PIA Labs\lab 2.1\wildfly-18.0.0.Final\jboss-modules.jar -mp C:\Users\User\Desktop\PIA Labs\lab 2.1\wildfly-18.0.0.Final\modules org.jboss.as.standalone
	sun.java.launcher = SUN_STANDARD
	sun.jnu.encoding = Cp1251
	sun.management.compiler = HotSpot 64-Bit Tiered Compilers
	sun.os.patch.level = 
	sun.stderr.encoding = cp866
	sun.stdout.encoding = cp866
	user.country = RU
	user.dir = C:\Users\User\Desktop\PIA Labs\lab 2.1\wildfly-18.0.0.Final
	user.home = C:\Users\User
	user.language = ru
	user.name = User
	user.script = 
	user.timezone = Europe/Moscow
	user.variant = 
2020-10-05 01:26:09,450 DEBUG [org.jboss.as.config] (MSC service thread 1-2) VM Arguments: -Xms64M -Xmx512M -XX:MetaspaceSize=96M -XX:MaxMetaspaceSize=256m -Djava.net.preferIPv4Stack=true -Djboss.modules.system.pkgs=org.jboss.byteman -Dorg.jboss.boot.log.file=C:\Users\User\Desktop\PIA Labs\lab 2.1\wildfly-18.0.0.Final\standalone\log/server.log -Dlogging.configuration=file:C:\Users\User\Desktop\PIA Labs\lab 2.1\wildfly-18.0.0.Final\standalone\configuration/logging.properties -Djboss.home.dir=C:\Users\User\Desktop\PIA Labs\lab 2.1\wildfly-18.0.0.Final -Djboss.server.base.dir=C:\Users\User\Desktop\PIA Labs\lab 2.1\wildfly-18.0.0.Final\standalone -Djboss.server.config.dir=C:\Users\User\Desktop\PIA Labs\lab 2.1\wildfly-18.0.0.Final\standalone\configuration 
2020-10-05 01:26:09,815 INFO  [org.wildfly.security] (ServerService Thread Pool -- 28) ELY00001: WildFly Elytron version 1.10.3.Final
2020-10-05 01:26:10,029 INFO  [org.jboss.as.controller.management-deprecated] (Controller Boot Thread) WFLYCTL0028: Attribute 'security-realm' in the resource at address '/core-service=management/management-interface=http-interface' is deprecated, and may be removed in a future version. See the attribute description in the output of the read-resource-description operation to learn more about the deprecation.
2020-10-05 01:26:10,042 INFO  [org.jboss.as.controller.management-deprecated] (ServerService Thread Pool -- 11) WFLYCTL0028: Attribute 'security-realm' in the resource at address '/subsystem=undertow/server=default-server/https-listener=https' is deprecated, and may be removed in a future version. See the attribute description in the output of the read-resource-description operation to learn more about the deprecation.
2020-10-05 01:26:10,073 INFO  [org.jboss.as.server] (Controller Boot Thread) WFLYSRV0039: Creating http management service using socket-binding (management-http)
2020-10-05 01:26:10,082 INFO  [org.xnio] (MSC service thread 1-2) XNIO version 3.7.3.Final
2020-10-05 01:26:10,086 INFO  [org.xnio.nio] (MSC service thread 1-2) XNIO NIO Implementation Version 3.7.3.Final
2020-10-05 01:26:10,099 WARN  [org.jboss.as.txn] (ServerService Thread Pool -- 72) WFLYTX0013: The node-identifier attribute on the /subsystem=transactions is set to the default value. This is a danger for environments running multiple servers. Please make sure the attribute value is unique.
2020-10-05 01:26:10,102 INFO  [org.jboss.as.clustering.infinispan] (ServerService Thread Pool -- 51) WFLYCLINF0001: Activating Infinispan subsystem.
2020-10-05 01:26:10,104 INFO  [org.wildfly.extension.microprofile.opentracing] (ServerService Thread Pool -- 63) WFLYTRACEXT0001: Activating MicroProfile OpenTracing Subsystem
2020-10-05 01:26:10,105 INFO  [org.jboss.as.naming] (ServerService Thread Pool -- 64) WFLYNAM0001: Activating Naming Subsystem
2020-10-05 01:26:10,108 INFO  [org.jboss.as.jaxrs] (ServerService Thread Pool -- 53) WFLYRS0016: RESTEasy version 3.9.0.Final
2020-10-05 01:26:10,109 INFO  [org.jboss.as.webservices] (ServerService Thread Pool -- 74) WFLYWS0002: Activating WebServices Extension
2020-10-05 01:26:10,109 INFO  [org.wildfly.extension.microprofile.config.smallrye._private] (ServerService Thread Pool -- 60) WFLYCONF0001: Activating WildFly MicroProfile Config Subsystem
2020-10-05 01:26:10,111 INFO  [org.wildfly.extension.microprofile.health.smallrye] (ServerService Thread Pool -- 61) WFLYHEALTH0001: Activating Eclipse MicroProfile Health Subsystem
2020-10-05 01:26:10,112 INFO  [org.jboss.as.jsf] (ServerService Thread Pool -- 58) WFLYJSF0007: Activated the following JSF Implementations: [main]
2020-10-05 01:26:10,112 INFO  [org.jboss.as.security] (ServerService Thread Pool -- 70) WFLYSEC0002: Activating Security Subsystem
2020-10-05 01:26:10,112 INFO  [org.wildfly.extension.microprofile.metrics.smallrye] (ServerService Thread Pool -- 62) WFLYMETRICS0001: Activating Eclipse MicroProfile Metrics Subsystem
2020-10-05 01:26:10,120 INFO  [org.jboss.as.security] (MSC service thread 1-8) WFLYSEC0001: Current PicketBox version=5.0.3.Final
2020-10-05 01:26:10,120 INFO  [org.jboss.as.connector] (MSC service thread 1-5) WFLYJCA0009: Starting JCA Subsystem (WildFly/IronJacamar 1.4.17.Final)
2020-10-05 01:26:10,130 INFO  [org.wildfly.extension.undertow] (MSC service thread 1-4) WFLYUT0003: Undertow 2.0.26.Final starting
2020-10-05 01:26:10,203 INFO  [org.jboss.as.connector.subsystems.datasources] (ServerService Thread Pool -- 43) WFLYJCA0004: Deploying JDBC-compliant driver class org.h2.Driver (version 1.4)
2020-10-05 01:26:10,213 INFO  [org.jboss.as.connector.deployers.jdbc] (MSC service thread 1-8) WFLYJCA0018: Started Driver service with driver-name = h2
2020-10-05 01:26:10,214 INFO  [org.jboss.as.naming] (MSC service thread 1-4) WFLYNAM0003: Starting Naming Service
2020-10-05 01:26:10,220 INFO  [org.jboss.as.mail.extension] (MSC service thread 1-8) WFLYMAIL0001: Bound mail session [java:jboss/mail/Default]
2020-10-05 01:26:10,265 INFO  [org.wildfly.extension.undertow] (ServerService Thread Pool -- 73) WFLYUT0014: Creating file handler for path 'C:\Users\User\Desktop\PIA Labs\lab 2.1\wildfly-18.0.0.Final/welcome-content' with options [directory-listing: 'false', follow-symlink: 'false', case-sensitive: 'true', safe-symlink-paths: '[]']
2020-10-05 01:26:10,323 INFO  [org.wildfly.extension.io] (ServerService Thread Pool -- 52) WFLYIO001: Worker 'default' has auto-configured to 32 core threads with 256 task threads based on your 16 available processors
2020-10-05 01:26:10,326 INFO  [org.jboss.as.ejb3] (MSC service thread 1-5) WFLYEJB0481: Strict pool slsb-strict-max-pool is using a max instance size of 256 (per class), which is derived from thread worker pool sizing.
2020-10-05 01:26:10,326 INFO  [org.jboss.as.ejb3] (MSC service thread 1-3) WFLYEJB0482: Strict pool mdb-strict-max-pool is using a max instance size of 64 (per class), which is derived from the number of CPUs on this host.
2020-10-05 01:26:10,340 INFO  [org.jboss.remoting] (MSC service thread 1-1) JBoss Remoting version 5.0.15.Final
2020-10-05 01:26:10,344 INFO  [org.wildfly.extension.undertow] (MSC service thread 1-7) WFLYUT0012: Started server default-server.
2020-10-05 01:26:10,345 INFO  [org.wildfly.extension.undertow] (MSC service thread 1-8) WFLYUT0018: Host default-host starting
2020-10-05 01:26:10,366 INFO  [org.wildfly.extension.undertow] (MSC service thread 1-5) WFLYUT0006: Undertow HTTP listener default listening on 127.0.0.1:8080
2020-10-05 01:26:10,367 INFO  [org.jboss.as.ejb3] (MSC service thread 1-4) WFLYEJB0493: EJB subsystem suspension complete
2020-10-05 01:26:10,376 INFO  [org.jboss.as.patching] (MSC service thread 1-1) WFLYPAT0050: WildFly Full cumulative patch ID is: base, one-off patches include: none
2020-10-05 01:26:10,382 WARN  [org.jboss.as.domain.management.security] (MSC service thread 1-4) WFLYDM0111: Keystore C:\Users\User\Desktop\PIA Labs\lab 2.1\wildfly-18.0.0.Final\standalone\configuration\application.keystore not found, it will be auto generated on first use with a self signed certificate for host localhost
2020-10-05 01:26:10,383 INFO  [org.jboss.as.server.deployment.scanner] (MSC service thread 1-8) WFLYDS0013: Started FileSystemDeploymentService for directory C:\Users\User\Desktop\PIA Labs\lab 2.1\wildfly-18.0.0.Final\standalone\deployments
2020-10-05 01:26:10,394 INFO  [org.jboss.as.connector.subsystems.datasources] (MSC service thread 1-8) WFLYJCA0001: Bound data source [java:jboss/datasources/ExampleDS]
2020-10-05 01:26:10,523 INFO  [org.wildfly.extension.undertow] (MSC service thread 1-3) WFLYUT0006: Undertow HTTPS listener https listening on 127.0.0.1:8443
2020-10-05 01:26:10,560 INFO  [org.jboss.ws.common.management] (MSC service thread 1-6) JBWS022052: Starting JBossWS 5.3.0.Final (Apache CXF 3.3.3) 
2020-10-05 01:26:10,620 INFO  [org.jboss.as.server] (Controller Boot Thread) WFLYSRV0212: Resuming server
2020-10-05 01:26:10,621 INFO  [org.jboss.as] (Controller Boot Thread) WFLYSRV0060: Http management interface listening on http://127.0.0.1:9990/management
2020-10-05 01:26:10,621 INFO  [org.jboss.as] (Controller Boot Thread) WFLYSRV0051: Admin console listening on http://127.0.0.1:9990
2020-10-05 01:26:10,621 INFO  [org.jboss.as] (Controller Boot Thread) WFLYSRV0025: WildFly Full 18.0.0.Final (WildFly Core 10.0.0.Final) started in 1657ms - Started 315 of 577 services (369 services are lazy, passive or on-demand)
2020-10-05 01:28:25,321 INFO  [org.jboss.as.repository] (External Management Request Threads -- 1) WFLYDR0001: Content added at location C:\Users\User\Desktop\PIA Labs\lab 2.1\wildfly-18.0.0.Final\standalone\data\content\92\a198afbec5fd9f227db3041b4029e1cd986708\content
2020-10-05 01:28:25,330 INFO  [org.jboss.as.server.deployment] (MSC service thread 1-6) WFLYSRV0027: Starting deployment of "lab_2_1_war_exploded.war" (runtime-name: "lab_2_1_war_exploded.war")
2020-10-05 01:28:25,771 INFO  [org.infinispan.factories.GlobalComponentRegistry] (MSC service thread 1-1) ISPN000128: Infinispan version: Infinispan 'Infinity Minus ONE +2' 9.4.16.Final
2020-10-05 01:28:25,977 INFO  [org.jboss.as.clustering.infinispan] (ServerService Thread Pool -- 76) WFLYCLINF0002: Started client-mappings cache from ejb container
2020-10-05 01:28:26,043 INFO  [org.wildfly.extension.undertow] (ServerService Thread Pool -- 76) WFLYUT0021: Registered web context: '/lab_2_1_war_exploded' for server 'default-server'
2020-10-05 01:28:26,079 INFO  [org.jboss.as.server] (External Management Request Threads -- 1) WFLYSRV0010: Deployed "lab_2_1_war_exploded.war" (runtime-name : "lab_2_1_war_exploded.war")
2020-10-05 17:47:35,623 INFO  [org.jboss.modules] (main) JBoss Modules version 1.9.1.Final
2020-10-05 17:47:36,893 INFO  [org.jboss.msc] (main) JBoss MSC version 1.4.11.Final
2020-10-05 17:47:36,920 INFO  [org.jboss.threads] (main) JBoss Threads version 2.3.3.Final
2020-10-05 17:47:37,180 INFO  [org.jboss.as] (MSC service thread 1-2) WFLYSRV0049: WildFly Full 18.0.0.Final (WildFly Core 10.0.0.Final) starting
2020-10-05 17:47:37,181 DEBUG [org.jboss.as.config] (MSC service thread 1-2) Configured system properties:
	awt.toolkit = sun.awt.windows.WToolkit
	file.encoding = Cp1251
	file.encoding.pkg = sun.io
	file.separator = \
	java.awt.graphicsenv = sun.awt.Win32GraphicsEnvironment
	java.awt.printerjob = sun.awt.windows.WPrinterJob
	java.class.path = C:\Users\User\Desktop\PIA Labs\lab 2.1\wildfly-18.0.0.Final\jboss-modules.jar
	java.class.version = 52.0
	java.endorsed.dirs = C:\Program Files\Java\jre1.8.0_261\lib\endorsed
	java.ext.dirs = C:\Program Files\Java\jre1.8.0_261\lib\ext;C:\Windows\Sun\Java\lib\ext
	java.home = C:\Program Files\Java\jre1.8.0_261
	java.io.tmpdir = C:\Users\User\AppData\Local\Temp\
	java.library.path = C:\Program Files (x86)\Common Files\Oracle\Java\javapath;C:\Windows\Sun\Java\bin;C:\Windows\system32;C:\Windows;C:\Program Files (x86)\Common Files\Intel\Shared Libraries\redist\intel64\compiler;C:\Program Files (x86)\Common Files\Oracle\Java\javapath;C:\Windows\system32;C:\Windows;C:\Windows\System32\Wbem;C:\Windows\System32\WindowsPowerShell\v1.0\;C:\Windows\System32\OpenSSH\;C:\Program Files (x86)\NVIDIA Corporation\PhysX\Common;C:\Program Files\NVIDIA Corporation\NVIDIA NvDLISR;C:\Program Files (x86)\HP\IdrsOCR_15.2.10.1114\;C:\Program Files\PuTTY\;C:\Program Files\nodejs\;C:\Users\User\AppData\Local\Programs\Python\Python38\Scripts\;C:\Users\User\AppData\Local\Programs\Python\Python38\;C:\Users\User\AppData\Local\Microsoft\WindowsApps;C:\Users\User\AppData\Local\GitHubDesktop\bin;C:\Program Files\JetBrains\PyCharm 2020.2.1\bin;;C:\Program Files\JetBrains\PhpStorm 2020.2.1\bin;;C:\Users\User\AppData\Roaming\npm;.
	java.net.preferIPv4Stack = true
	java.runtime.name = Java(TM) SE Runtime Environment
	java.runtime.version = 1.8.0_261-b12
	java.specification.name = Java Platform API Specification
	java.specification.vendor = Oracle Corporation
	java.specification.version = 1.8
	java.util.logging.manager = org.jboss.logmanager.LogManager
	java.vendor = Oracle Corporation
	java.vendor.url = http://java.oracle.com/
	java.vendor.url.bug = http://bugreport.sun.com/bugreport/
	java.version = 1.8.0_261
	java.vm.info = mixed mode
	java.vm.name = Java HotSpot(TM) 64-Bit Server VM
	java.vm.specification.name = Java Virtual Machine Specification
	java.vm.specification.vendor = Oracle Corporation
	java.vm.specification.version = 1.8
	java.vm.vendor = Oracle Corporation
	java.vm.version = 25.261-b12
	javax.management.builder.initial = org.jboss.as.jmx.PluggableMBeanServerBuilder
	jboss.home.dir = C:\Users\User\Desktop\PIA Labs\lab 2.1\wildfly-18.0.0.Final
	jboss.host.name = seememes-pc
	jboss.modules.dir = C:\Users\User\Desktop\PIA Labs\lab 2.1\wildfly-18.0.0.Final\modules
	jboss.modules.system.pkgs = org.jboss.byteman
	jboss.node.name = seememes-pc
	jboss.qualified.host.name = seememes-pc
	jboss.server.base.dir = C:\Users\User\Desktop\PIA Labs\lab 2.1\wildfly-18.0.0.Final\standalone
	jboss.server.config.dir = C:\Users\User\Desktop\PIA Labs\lab 2.1\wildfly-18.0.0.Final\standalone\configuration
	jboss.server.data.dir = C:\Users\User\Desktop\PIA Labs\lab 2.1\wildfly-18.0.0.Final\standalone\data
	jboss.server.deploy.dir = C:\Users\User\Desktop\PIA Labs\lab 2.1\wildfly-18.0.0.Final\standalone\data\content
	jboss.server.log.dir = C:\Users\User\Desktop\PIA Labs\lab 2.1\wildfly-18.0.0.Final\standalone\log
	jboss.server.name = seememes-pc
	jboss.server.persist.config = true
	jboss.server.temp.dir = C:\Users\User\Desktop\PIA Labs\lab 2.1\wildfly-18.0.0.Final\standalone\tmp
	line.separator = 

	logging.configuration = file:C:\Users\User\Desktop\PIA Labs\lab 2.1\wildfly-18.0.0.Final\standalone\configuration/logging.properties
	module.path = C:\Users\User\Desktop\PIA Labs\lab 2.1\wildfly-18.0.0.Final\modules
	org.jboss.boot.log.file = C:\Users\User\Desktop\PIA Labs\lab 2.1\wildfly-18.0.0.Final\standalone\log/server.log
	org.jboss.resolver.warning = true
	os.arch = amd64
	os.name = Windows 10
	os.version = 10.0
	path.separator = ;
	sun.arch.data.model = 64
	sun.boot.class.path = C:\Program Files\Java\jre1.8.0_261\lib\resources.jar;C:\Program Files\Java\jre1.8.0_261\lib\rt.jar;C:\Program Files\Java\jre1.8.0_261\lib\sunrsasign.jar;C:\Program Files\Java\jre1.8.0_261\lib\jsse.jar;C:\Program Files\Java\jre1.8.0_261\lib\jce.jar;C:\Program Files\Java\jre1.8.0_261\lib\charsets.jar;C:\Program Files\Java\jre1.8.0_261\lib\jfr.jar;C:\Program Files\Java\jre1.8.0_261\classes
	sun.boot.library.path = C:\Program Files\Java\jre1.8.0_261\bin
	sun.cpu.endian = little
	sun.cpu.isalist = amd64
	sun.desktop = windows
	sun.io.unicode.encoding = UnicodeLittle
	sun.java.command = C:\Users\User\Desktop\PIA Labs\lab 2.1\wildfly-18.0.0.Final\jboss-modules.jar -mp C:\Users\User\Desktop\PIA Labs\lab 2.1\wildfly-18.0.0.Final\modules org.jboss.as.standalone
	sun.java.launcher = SUN_STANDARD
	sun.jnu.encoding = Cp1251
	sun.management.compiler = HotSpot 64-Bit Tiered Compilers
	sun.os.patch.level = 
	sun.stderr.encoding = cp866
	sun.stdout.encoding = cp866
	user.country = RU
	user.dir = C:\Users\User\Desktop\PIA Labs\lab 2.1\wildfly-18.0.0.Final
	user.home = C:\Users\User
	user.language = ru
	user.name = User
	user.script = 
	user.timezone = Europe/Moscow
	user.variant = 
2020-10-05 17:47:37,181 DEBUG [org.jboss.as.config] (MSC service thread 1-2) VM Arguments: -Xms64M -Xmx512M -XX:MetaspaceSize=96M -XX:MaxMetaspaceSize=256m -Djava.net.preferIPv4Stack=true -Djboss.modules.system.pkgs=org.jboss.byteman -Dorg.jboss.boot.log.file=C:\Users\User\Desktop\PIA Labs\lab 2.1\wildfly-18.0.0.Final\standalone\log/server.log -Dlogging.configuration=file:C:\Users\User\Desktop\PIA Labs\lab 2.1\wildfly-18.0.0.Final\standalone\configuration/logging.properties -Djboss.home.dir=C:\Users\User\Desktop\PIA Labs\lab 2.1\wildfly-18.0.0.Final -Djboss.server.base.dir=C:\Users\User\Desktop\PIA Labs\lab 2.1\wildfly-18.0.0.Final\standalone -Djboss.server.config.dir=C:\Users\User\Desktop\PIA Labs\lab 2.1\wildfly-18.0.0.Final\standalone\configuration 
2020-10-05 17:47:37,835 INFO  [org.wildfly.security] (ServerService Thread Pool -- 28) ELY00001: WildFly Elytron version 1.10.3.Final
2020-10-05 17:47:38,096 INFO  [org.jboss.as.controller.management-deprecated] (Controller Boot Thread) WFLYCTL0028: Attribute 'security-realm' in the resource at address '/core-service=management/management-interface=http-interface' is deprecated, and may be removed in a future version. See the attribute description in the output of the read-resource-description operation to learn more about the deprecation.
2020-10-05 17:47:38,108 INFO  [org.jboss.as.controller.management-deprecated] (ServerService Thread Pool -- 33) WFLYCTL0028: Attribute 'security-realm' in the resource at address '/subsystem=undertow/server=default-server/https-listener=https' is deprecated, and may be removed in a future version. See the attribute description in the output of the read-resource-description operation to learn more about the deprecation.
2020-10-05 17:47:38,147 INFO  [org.jboss.as.server] (Controller Boot Thread) WFLYSRV0039: Creating http management service using socket-binding (management-http)
2020-10-05 17:47:38,158 INFO  [org.xnio] (MSC service thread 1-2) XNIO version 3.7.3.Final
2020-10-05 17:47:38,162 INFO  [org.xnio.nio] (MSC service thread 1-2) XNIO NIO Implementation Version 3.7.3.Final
2020-10-05 17:47:38,176 WARN  [org.jboss.as.txn] (ServerService Thread Pool -- 72) WFLYTX0013: The node-identifier attribute on the /subsystem=transactions is set to the default value. This is a danger for environments running multiple servers. Please make sure the attribute value is unique.
2020-10-05 17:47:38,178 INFO  [org.jboss.as.clustering.infinispan] (ServerService Thread Pool -- 51) WFLYCLINF0001: Activating Infinispan subsystem.
2020-10-05 17:47:38,179 INFO  [org.wildfly.extension.microprofile.config.smallrye._private] (ServerService Thread Pool -- 60) WFLYCONF0001: Activating WildFly MicroProfile Config Subsystem
2020-10-05 17:47:38,180 INFO  [org.wildfly.extension.microprofile.opentracing] (ServerService Thread Pool -- 63) WFLYTRACEXT0001: Activating MicroProfile OpenTracing Subsystem
2020-10-05 17:47:38,181 INFO  [org.jboss.as.naming] (ServerService Thread Pool -- 64) WFLYNAM0001: Activating Naming Subsystem
2020-10-05 17:47:38,183 INFO  [org.wildfly.extension.microprofile.health.smallrye] (ServerService Thread Pool -- 61) WFLYHEALTH0001: Activating Eclipse MicroProfile Health Subsystem
2020-10-05 17:47:38,185 INFO  [org.jboss.as.jsf] (ServerService Thread Pool -- 58) WFLYJSF0007: Activated the following JSF Implementations: [main]
2020-10-05 17:47:38,187 INFO  [org.jboss.as.security] (ServerService Thread Pool -- 70) WFLYSEC0002: Activating Security Subsystem
2020-10-05 17:47:38,187 INFO  [org.jboss.as.webservices] (ServerService Thread Pool -- 74) WFLYWS0002: Activating WebServices Extension
2020-10-05 17:47:38,190 INFO  [org.jboss.as.security] (MSC service thread 1-5) WFLYSEC0001: Current PicketBox version=5.0.3.Final
2020-10-05 17:47:38,191 INFO  [org.wildfly.extension.microprofile.metrics.smallrye] (ServerService Thread Pool -- 62) WFLYMETRICS0001: Activating Eclipse MicroProfile Metrics Subsystem
2020-10-05 17:47:38,193 INFO  [org.jboss.as.jaxrs] (ServerService Thread Pool -- 53) WFLYRS0016: RESTEasy version 3.9.0.Final
2020-10-05 17:47:38,231 INFO  [org.jboss.as.connector.subsystems.datasources] (ServerService Thread Pool -- 43) WFLYJCA0004: Deploying JDBC-compliant driver class org.h2.Driver (version 1.4)
2020-10-05 17:47:38,236 INFO  [org.jboss.as.connector] (MSC service thread 1-5) WFLYJCA0009: Starting JCA Subsystem (WildFly/IronJacamar 1.4.17.Final)
2020-10-05 17:47:38,244 INFO  [org.wildfly.extension.undertow] (MSC service thread 1-3) WFLYUT0003: Undertow 2.0.26.Final starting
2020-10-05 17:47:38,250 INFO  [org.jboss.as.connector.deployers.jdbc] (MSC service thread 1-4) WFLYJCA0018: Started Driver service with driver-name = h2
2020-10-05 17:47:38,254 INFO  [org.jboss.as.naming] (MSC service thread 1-3) WFLYNAM0003: Starting Naming Service
2020-10-05 17:47:38,257 INFO  [org.jboss.as.mail.extension] (MSC service thread 1-3) WFLYMAIL0001: Bound mail session [java:jboss/mail/Default]
2020-10-05 17:47:38,307 INFO  [org.wildfly.extension.undertow] (ServerService Thread Pool -- 73) WFLYUT0014: Creating file handler for path 'C:\Users\User\Desktop\PIA Labs\lab 2.1\wildfly-18.0.0.Final/welcome-content' with options [directory-listing: 'false', follow-symlink: 'false', case-sensitive: 'true', safe-symlink-paths: '[]']
2020-10-05 17:47:38,389 INFO  [org.wildfly.extension.io] (ServerService Thread Pool -- 52) WFLYIO001: Worker 'default' has auto-configured to 32 core threads with 256 task threads based on your 16 available processors
2020-10-05 17:47:38,392 INFO  [org.jboss.as.ejb3] (MSC service thread 1-3) WFLYEJB0481: Strict pool slsb-strict-max-pool is using a max instance size of 256 (per class), which is derived from thread worker pool sizing.
2020-10-05 17:47:38,392 INFO  [org.jboss.as.ejb3] (MSC service thread 1-4) WFLYEJB0482: Strict pool mdb-strict-max-pool is using a max instance size of 64 (per class), which is derived from the number of CPUs on this host.
2020-10-05 17:47:38,410 INFO  [org.jboss.remoting] (MSC service thread 1-7) JBoss Remoting version 5.0.15.Final
2020-10-05 17:47:38,416 INFO  [org.wildfly.extension.undertow] (MSC service thread 1-6) WFLYUT0012: Started server default-server.
2020-10-05 17:47:38,417 INFO  [org.wildfly.extension.undertow] (MSC service thread 1-6) WFLYUT0018: Host default-host starting
2020-10-05 17:47:38,505 ERROR [org.jboss.msc.service.fail] (MSC service thread 1-2) MSC000001: Failed to start service org.wildfly.undertow.listener.default: org.jboss.msc.service.StartException in service org.wildfly.undertow.listener.default: Address already in use: bind /127.0.0.1:8080
	at org.wildfly.extension.undertow.ListenerService.start(ListenerService.java:209)
	at org.jboss.msc.service.ServiceControllerImpl$StartTask.startService(ServiceControllerImpl.java:1739)
	at org.jboss.msc.service.ServiceControllerImpl$StartTask.execute(ServiceControllerImpl.java:1701)
	at org.jboss.msc.service.ServiceControllerImpl$ControllerTask.run(ServiceControllerImpl.java:1559)
	at org.jboss.threads.ContextClassLoaderSavingRunnable.run(ContextClassLoaderSavingRunnable.java:35)
	at org.jboss.threads.EnhancedQueueExecutor.safeRun(EnhancedQueueExecutor.java:1982)
	at org.jboss.threads.EnhancedQueueExecutor$ThreadBody.doRunTask(EnhancedQueueExecutor.java:1486)
	at org.jboss.threads.EnhancedQueueExecutor$ThreadBody.run(EnhancedQueueExecutor.java:1377)
	at java.lang.Thread.run(Unknown Source)

2020-10-05 17:47:38,515 INFO  [org.jboss.as.ejb3] (MSC service thread 1-4) WFLYEJB0493: EJB subsystem suspension complete
2020-10-05 17:47:38,543 INFO  [org.jboss.as.connector.subsystems.datasources] (MSC service thread 1-8) WFLYJCA0001: Bound data source [java:jboss/datasources/ExampleDS]
2020-10-05 17:47:38,569 INFO  [org.jboss.as.patching] (MSC service thread 1-6) WFLYPAT0050: WildFly Full cumulative patch ID is: base, one-off patches include: none
2020-10-05 17:47:38,576 WARN  [org.jboss.as.domain.management.security] (MSC service thread 1-7) WFLYDM0111: Keystore C:\Users\User\Desktop\PIA Labs\lab 2.1\wildfly-18.0.0.Final\standalone\configuration\application.keystore not found, it will be auto generated on first use with a self signed certificate for host localhost
2020-10-05 17:47:38,578 INFO  [org.jboss.as.server.deployment.scanner] (MSC service thread 1-2) WFLYDS0013: Started FileSystemDeploymentService for directory C:\Users\User\Desktop\PIA Labs\lab 2.1\wildfly-18.0.0.Final\standalone\deployments
2020-10-05 17:47:38,583 INFO  [org.jboss.as.server.deployment] (MSC service thread 1-5) WFLYSRV0027: Starting deployment of "lab_2_1_war_exploded.war" (runtime-name: "lab_2_1_war_exploded.war")
2020-10-05 17:47:38,765 INFO  [org.wildfly.extension.undertow] (MSC service thread 1-8) WFLYUT0006: Undertow HTTPS listener https listening on 127.0.0.1:8443
2020-10-05 17:47:38,795 ERROR [org.jboss.as.controller.management-operation] (Controller Boot Thread) WFLYCTL0013: Operation ("add") failed - address: ([
    ("subsystem" => "undertow"),
    ("server" => "default-server"),
    ("http-listener" => "default")
]) - failure description: {"WFLYCTL0080: Failed services" => {"org.wildfly.undertow.listener.default" => "Address already in use: bind /127.0.0.1:8080"}}
2020-10-05 17:47:38,799 INFO  [org.jboss.as.server] (Controller Boot Thread) WFLYSRV0010: Deployed "lab_2_1_war_exploded.war" (runtime-name : "lab_2_1_war_exploded.war")
2020-10-05 17:47:38,800 INFO  [org.jboss.as.controller] (Controller Boot Thread) WFLYCTL0183: Service status report
WFLYCTL0186:   Services which failed to start:      service org.wildfly.undertow.listener.default: Address already in use: bind /127.0.0.1:8080
WFLYCTL0448: 2 additional services are down due to their dependencies being missing or failed
2020-10-05 17:47:38,822 INFO  [org.jboss.as.server] (Controller Boot Thread) WFLYSRV0212: Resuming server
2020-10-05 17:47:38,823 INFO  [org.jboss.as] (Controller Boot Thread) WFLYSRV0060: Http management interface listening on http://127.0.0.1:9990/management
2020-10-05 17:47:38,823 INFO  [org.jboss.as] (Controller Boot Thread) WFLYSRV0051: Admin console listening on http://127.0.0.1:9990
2020-10-05 17:47:38,824 ERROR [org.jboss.as] (Controller Boot Thread) WFLYSRV0026: WildFly Full 18.0.0.Final (WildFly Core 10.0.0.Final) started (with errors) in 4580ms - Started 311 of 579 services (3 services failed or missing dependencies, 369 services are lazy, passive or on-demand)
2020-10-05 17:49:18,791 INFO  [org.jboss.as.server.deployment] (MSC service thread 1-3) WFLYSRV0028: Stopped deployment lab_2_1_war_exploded.war (runtime-name: lab_2_1_war_exploded.war) in 5ms
2020-10-05 17:49:18,817 INFO  [org.jboss.as.server] (External Management Request Threads -- 1) WFLYSRV0009: Undeployed "lab_2_1_war_exploded.war" (runtime-name: "lab_2_1_war_exploded.war")
2020-10-05 17:49:18,819 INFO  [org.jboss.as.repository] (External Management Request Threads -- 1) WFLYDR0002: Content removed from location C:\Users\User\Desktop\PIA Labs\lab 2.1\wildfly-18.0.0.Final\standalone\data\content\92\a198afbec5fd9f227db3041b4029e1cd986708\content
2020-10-05 17:49:18,819 INFO  [org.jboss.as.controller] (External Management Request Threads -- 1) WFLYCTL0183: Service status report
WFLYCTL0185:    Newly corrected services:
      service jboss.ws.config (new available)
WFLYCTL0186:   Services which failed to start:      service org.wildfly.undertow.listener.default: Address already in use: bind /127.0.0.1:8080

2020-10-05 17:51:54,024 INFO  [org.jboss.as.repository] (External Management Request Threads -- 1) WFLYDR0001: Content added at location C:\Users\User\Desktop\PIA Labs\lab 2.1\wildfly-18.0.0.Final\standalone\data\content\25\9dd48a0b85f7dba08bc438248cc858aec32e26\content
2020-10-05 17:51:54,025 INFO  [org.jboss.as.server.deployment] (MSC service thread 1-3) WFLYSRV0027: Starting deployment of "lab 2.1_war.war" (runtime-name: "lab 2.1_war.war")
2020-10-05 17:51:54,038 ERROR [org.jboss.as.server] (External Management Request Threads -- 1) WFLYSRV0021: Deploy of deployment "lab 2.1_war.war" was rolled back with the following failure message: undefined
2020-10-05 17:51:54,043 INFO  [org.jboss.as.server.deployment] (MSC service thread 1-4) WFLYSRV0028: Stopped deployment lab 2.1_war.war (runtime-name: lab 2.1_war.war) in 4ms
2020-10-05 17:51:54,043 INFO  [org.jboss.as.controller] (External Management Request Threads -- 1) WFLYCTL0183: Service status report
WFLYCTL0186:   Services which failed to start:      service org.wildfly.undertow.listener.default: Address already in use: bind /127.0.0.1:8080

2020-10-05 17:53:10,933 INFO  [org.jboss.as.repository] (External Management Request Threads -- 1) WFLYDR0001: Content added at location C:\Users\User\Desktop\PIA Labs\lab 2.1\wildfly-18.0.0.Final\standalone\data\content\4c\9c53b1b353b5c166aa8de190a479d875f67e48\content
2020-10-05 17:53:10,934 INFO  [org.jboss.as.server.deployment] (MSC service thread 1-4) WFLYSRV0027: Starting deployment of "lab_2_1_war_exploded.war" (runtime-name: "lab_2_1_war_exploded.war")
2020-10-05 17:53:10,937 ERROR [org.jboss.msc.service.fail] (MSC service thread 1-1) MSC000001: Failed to start service jboss.deployment.unit."lab_2_1_war_exploded.war".STRUCTURE: org.jboss.msc.service.StartException in service jboss.deployment.unit."lab_2_1_war_exploded.war".STRUCTURE: WFLYSRV0153: Failed to process phase STRUCTURE of deployment "lab_2_1_war_exploded.war"
	at org.jboss.as.server.deployment.DeploymentUnitPhaseService.start(DeploymentUnitPhaseService.java:183)
	at org.jboss.msc.service.ServiceControllerImpl$StartTask.startService(ServiceControllerImpl.java:1739)
	at org.jboss.msc.service.ServiceControllerImpl$StartTask.execute(ServiceControllerImpl.java:1701)
	at org.jboss.msc.service.ServiceControllerImpl$ControllerTask.run(ServiceControllerImpl.java:1559)
	at org.jboss.threads.ContextClassLoaderSavingRunnable.run(ContextClassLoaderSavingRunnable.java:35)
	at org.jboss.threads.EnhancedQueueExecutor.safeRun(EnhancedQueueExecutor.java:1982)
	at org.jboss.threads.EnhancedQueueExecutor$ThreadBody.doRunTask(EnhancedQueueExecutor.java:1486)
	at org.jboss.threads.EnhancedQueueExecutor$ThreadBody.run(EnhancedQueueExecutor.java:1377)
	at java.lang.Thread.run(Unknown Source)
Caused by: org.jboss.as.server.deployment.DeploymentUnitProcessingException: WFLYSRV0160: Failed to mount deployment content
	at org.jboss.as.server.deployment.module.DeploymentRootMountProcessor.deploy(DeploymentRootMountProcessor.java:95)
	at org.jboss.as.server.deployment.DeploymentUnitPhaseService.start(DeploymentUnitPhaseService.java:176)
	... 8 more
Caused by: java.util.zip.ZipException: error in opening zip file
	at java.util.zip.ZipFile.open(Native Method)
	at java.util.zip.ZipFile.<init>(Unknown Source)
	at java.util.zip.ZipFile.<init>(Unknown Source)
	at java.util.zip.ZipFile.<init>(Unknown Source)
	at org.jboss.vfs.VFSUtils.unzip(VFSUtils.java:874)
	at org.jboss.vfs.VFS.mountZipExpanded(VFS.java:504)
	at org.jboss.vfs.VFS.mountZipExpanded(VFS.java:533)
	at org.jboss.as.server.deployment.DeploymentMountProvider$Factory$ServerDeploymentRepositoryImpl.mountDeploymentContent(DeploymentMountProvider.java:110)
	at org.jboss.as.server.deployment.module.DeploymentRootMountProcessor.deploy(DeploymentRootMountProcessor.java:91)
	... 9 more

2020-10-05 17:53:10,938 ERROR [org.jboss.as.controller.management-operation] (External Management Request Threads -- 1) WFLYCTL0013: Operation ("add") failed - address: ([("deployment" => "lab_2_1_war_exploded.war")]) - failure description: {"WFLYCTL0080: Failed services" => {"jboss.deployment.unit.\"lab_2_1_war_exploded.war\".STRUCTURE" => "WFLYSRV0153: Failed to process phase STRUCTURE of deployment \"lab_2_1_war_exploded.war\"
    Caused by: org.jboss.as.server.deployment.DeploymentUnitProcessingException: WFLYSRV0160: Failed to mount deployment content
    Caused by: java.util.zip.ZipException: error in opening zip file"}}
2020-10-05 17:53:10,939 ERROR [org.jboss.as.server] (External Management Request Threads -- 1) WFLYSRV0021: Deploy of deployment "lab_2_1_war_exploded.war" was rolled back with the following failure message: 
{"WFLYCTL0080: Failed services" => {"jboss.deployment.unit.\"lab_2_1_war_exploded.war\".STRUCTURE" => "WFLYSRV0153: Failed to process phase STRUCTURE of deployment \"lab_2_1_war_exploded.war\"
    Caused by: org.jboss.as.server.deployment.DeploymentUnitProcessingException: WFLYSRV0160: Failed to mount deployment content
    Caused by: java.util.zip.ZipException: error in opening zip file"}}
2020-10-05 17:53:10,939 INFO  [org.jboss.as.server.deployment] (MSC service thread 1-6) WFLYSRV0028: Stopped deployment lab_2_1_war_exploded.war (runtime-name: lab_2_1_war_exploded.war) in 0ms
2020-10-05 17:53:10,939 INFO  [org.jboss.as.controller] (External Management Request Threads -- 1) WFLYCTL0183: Service status report
WFLYCTL0186:   Services which failed to start:      service org.wildfly.undertow.listener.default: Address already in use: bind /127.0.0.1:8080

2020-10-05 18:02:37,635 INFO  [org.jboss.as.repository] (ServerService Thread Pool -- 40) WFLYDR0009: Content C:\Users\User\Desktop\PIA Labs\lab 2.1\wildfly-18.0.0.Final\standalone\data\content\4c\9c53b1b353b5c166aa8de190a479d875f67e48 is obsolete and will be removed
2020-10-05 18:02:37,636 INFO  [org.jboss.as.repository] (ServerService Thread Pool -- 40) WFLYDR0002: Content removed from location C:\Users\User\Desktop\PIA Labs\lab 2.1\wildfly-18.0.0.Final\standalone\data\content\4c\9c53b1b353b5c166aa8de190a479d875f67e48\content
2020-10-05 18:02:37,636 INFO  [org.jboss.as.repository] (ServerService Thread Pool -- 40) WFLYDR0009: Content C:\Users\User\Desktop\PIA Labs\lab 2.1\wildfly-18.0.0.Final\standalone\data\content\25\9dd48a0b85f7dba08bc438248cc858aec32e26 is obsolete and will be removed
2020-10-05 18:02:37,637 INFO  [org.jboss.as.repository] (ServerService Thread Pool -- 40) WFLYDR0002: Content removed from location C:\Users\User\Desktop\PIA Labs\lab 2.1\wildfly-18.0.0.Final\standalone\data\content\25\9dd48a0b85f7dba08bc438248cc858aec32e26\content
